<?xml version="1.0" encoding="UTF-8"?>
<testng-results ignored="0" total="1" passed="1" failed="0" skipped="0">
  <reporter-output>
  </reporter-output>
  <suite started-at="2022-10-27T14:47:04 IST" name="exampleTest" finished-at="2022-10-27T14:47:12 IST" duration-ms="7863">
    <groups>
    </groups>
    <test started-at="2022-10-27T14:47:04 IST" name="sample" finished-at="2022-10-27T14:47:12 IST" duration-ms="7863">
      <class name="examplePackage.NewTest">
        <test-method signature="openGoogle()[pri:0, instance:examplePackage.NewTest@3fb1549b]" started-at="2022-10-27T14:47:04 IST" name="openGoogle" finished-at="2022-10-27T14:47:12 IST" duration-ms="7767" status="PASS">
          <reporter-output>
          </reporter-output>
        </test-method> <!-- openGoogle -->
      </class> <!-- examplePackage.NewTest -->
    </test> <!-- sample -->
  </suite> <!-- exampleTest -->
</testng-results>
