<?xml version="1.0" encoding="UTF-8"?>
<testng-results ignored="0" total="1" passed="1" failed="0" skipped="0">
  <reporter-output>
  </reporter-output>
  <suite started-at="2022-10-26T15:34:34 IST" name="Default suite" finished-at="2022-10-26T15:34:41 IST" duration-ms="6981">
    <groups>
    </groups>
    <test started-at="2022-10-26T15:34:34 IST" name="Default test" finished-at="2022-10-26T15:34:41 IST" duration-ms="6981">
      <class name="examplePackage.NewTest">
        <test-method signature="openGoogle()[pri:0, instance:examplePackage.NewTest@4d5b6aac]" started-at="2022-10-26T15:34:34 IST" name="openGoogle" finished-at="2022-10-26T15:34:41 IST" duration-ms="6913" status="PASS">
          <reporter-output>
          </reporter-output>
        </test-method> <!-- openGoogle -->
      </class> <!-- examplePackage.NewTest -->
    </test> <!-- Default test -->
  </suite> <!-- Default suite -->
</testng-results>
